02-Apr-2025 12:52:18.086 INFO [main] org.apache.catalina.startup.VersionLoggerListener.log Server version name:   Apache Tomcat/10.1.36
02-Apr-2025 12:52:18.089 INFO [main] org.apache.catalina.startup.VersionLoggerListener.log Server built:          Feb 13 2025 13:13:30 UTC
02-Apr-2025 12:52:18.089 INFO [main] org.apache.catalina.startup.VersionLoggerListener.log Server version number: 10.1.36.0
02-Apr-2025 12:52:18.089 INFO [main] org.apache.catalina.startup.VersionLoggerListener.log OS Name:               Windows 11
02-Apr-2025 12:52:18.090 INFO [main] org.apache.catalina.startup.VersionLoggerListener.log OS Version:            10.0
02-Apr-2025 12:52:18.090 INFO [main] org.apache.catalina.startup.VersionLoggerListener.log Architecture:          amd64
02-Apr-2025 12:52:18.090 INFO [main] org.apache.catalina.startup.VersionLoggerListener.log Java Home:             C:\Program Files\Java\jdk-23
02-Apr-2025 12:52:18.090 INFO [main] org.apache.catalina.startup.VersionLoggerListener.log JVM Version:           23.0.2+7-58
02-Apr-2025 12:52:18.090 INFO [main] org.apache.catalina.startup.VersionLoggerListener.log JVM Vendor:            Oracle Corporation
02-Apr-2025 12:52:18.090 INFO [main] org.apache.catalina.startup.VersionLoggerListener.log CATALINA_BASE:         C:\Users\oumki\Desktop\Introduction to Software Development\Assignment 1\Introduction-to-Software-Development---Assignment-1\src
02-Apr-2025 12:52:18.090 INFO [main] org.apache.catalina.startup.VersionLoggerListener.log CATALINA_HOME:         C:\Users\oumki\Desktop\Introduction to Software Development\apache-tomcat-10.1.36
02-Apr-2025 12:52:18.098 INFO [main] org.apache.catalina.startup.VersionLoggerListener.log Command line argument: --add-opens=java.base/java.lang=ALL-UNNAMED
02-Apr-2025 12:52:18.098 INFO [main] org.apache.catalina.startup.VersionLoggerListener.log Command line argument: --add-opens=java.base/java.io=ALL-UNNAMED
02-Apr-2025 12:52:18.098 INFO [main] org.apache.catalina.startup.VersionLoggerListener.log Command line argument: --add-opens=java.base/java.util=ALL-UNNAMED
02-Apr-2025 12:52:18.098 INFO [main] org.apache.catalina.startup.VersionLoggerListener.log Command line argument: --add-opens=java.base/java.util.concurrent=ALL-UNNAMED
02-Apr-2025 12:52:18.098 INFO [main] org.apache.catalina.startup.VersionLoggerListener.log Command line argument: --add-opens=java.rmi/sun.rmi.transport=ALL-UNNAMED
02-Apr-2025 12:52:18.098 INFO [main] org.apache.catalina.startup.VersionLoggerListener.log Command line argument: -Dcatalina.home=C:\Users\oumki\Desktop\Introduction to Software Development\apache-tomcat-10.1.36
02-Apr-2025 12:52:18.098 INFO [main] org.apache.catalina.startup.VersionLoggerListener.log Command line argument: -Dcatalina.base=C:\Users\oumki\Desktop\Introduction to Software Development\Assignment 1\Introduction-to-Software-Development---Assignment-1\src
02-Apr-2025 12:52:18.099 INFO [main] org.apache.catalina.startup.VersionLoggerListener.log Command line argument: -Djava.io.tmpdir=C:\Users\oumki\Desktop\Introduction to Software Development\Assignment 1\Introduction-to-Software-Development---Assignment-1\src\temp
02-Apr-2025 12:52:18.099 INFO [main] org.apache.catalina.startup.VersionLoggerListener.log Command line argument: -Djava.util.logging.config.file=C:\Users\oumki\Desktop\Introduction to Software Development\Assignment 1\Introduction-to-Software-Development---Assignment-1\src\conf\logging.properties
02-Apr-2025 12:52:18.099 INFO [main] org.apache.catalina.startup.VersionLoggerListener.log Command line argument: -Djava.util.logging.manager=org.apache.juli.ClassLoaderLogManager
02-Apr-2025 12:52:18.099 INFO [main] org.apache.catalina.startup.VersionLoggerListener.log Command line argument: -javaagent:C:\Program Files\JetBrains\IntelliJ IDEA 2024.3.5\lib\idea_rt.jar=56979
02-Apr-2025 12:52:18.099 INFO [main] org.apache.catalina.startup.VersionLoggerListener.log Command line argument: -Dfile.encoding=UTF-8
02-Apr-2025 12:52:18.099 INFO [main] org.apache.catalina.startup.VersionLoggerListener.log Command line argument: -Dsun.stdout.encoding=UTF-8
02-Apr-2025 12:52:18.099 INFO [main] org.apache.catalina.startup.VersionLoggerListener.log Command line argument: -Dsun.stderr.encoding=UTF-8
02-Apr-2025 12:52:18.103 INFO [main] org.apache.catalina.core.AprLifecycleListener.lifecycleEvent The Apache Tomcat Native library which allows using OpenSSL was not found on the java.library.path: [C:\Program Files\Java\jdk-23\bin;C:\WINDOWS\Sun\Java\bin;C:\WINDOWS\system32;C:\WINDOWS;C:\Program Files\Common Files\Oracle\Java\javapath;C:\WINDOWS\system32;C:\WINDOWS;C:\WINDOWS\System32\Wbem;C:\WINDOWS\System32\WindowsPowerShell\v1.0\;C:\WINDOWS\System32\OpenSSH\;C:\Program Files\Calibre2\;C:\Program Files\NVIDIA Corporation\NVIDIA app\NvDLISR;C:\Program Files (x86)\NVIDIA Corporation\PhysX\Common;C:\Program Files\dotnet\;C:\Program Files\Git\cmd;C:\Users\oumki\AppData\Local\Programs\Python\Python313\Scripts\;C:\Users\oumki\AppData\Local\Programs\Python\Python313\;C:\Users\oumki\AppData\Local\Microsoft\WindowsApps;C:\Users\oumki\AppData\Local\Programs\Microsoft VS Code\bin;C:\Program Files\JetBrains\IntelliJ IDEA 2024.3.5\bin;;C:\Users\oumki\AppData\Local\GitHubDesktop\bin;.]
02-Apr-2025 12:52:18.345 INFO [main] org.apache.coyote.AbstractProtocol.init Initializing ProtocolHandler ["http-nio-8080"]
02-Apr-2025 12:52:18.362 INFO [main] org.apache.catalina.startup.Catalina.load Server initialization in [432] milliseconds
02-Apr-2025 12:52:18.401 INFO [main] org.apache.catalina.core.StandardService.startInternal Starting service [Catalina]
02-Apr-2025 12:52:18.401 INFO [main] org.apache.catalina.core.StandardEngine.startInternal Starting Servlet engine: [Apache Tomcat/10.1.36]
02-Apr-2025 12:52:18.412 INFO [main] org.apache.catalina.startup.HostConfig.deployDescriptor Deploying deployment descriptor [C:\Users\oumki\Desktop\Introduction to Software Development\Assignment 1\Introduction-to-Software-Development---Assignment-1\src\conf\Catalina\localhost\TestProject.xml]
02-Apr-2025 12:52:18.676 INFO [main] org.apache.catalina.startup.HostConfig.deployDescriptor Deployment of deployment descriptor [C:\Users\oumki\Desktop\Introduction to Software Development\Assignment 1\Introduction-to-Software-Development---Assignment-1\src\conf\Catalina\localhost\TestProject.xml] has finished in [264] ms
02-Apr-2025 12:52:18.680 INFO [main] org.apache.coyote.AbstractProtocol.start Starting ProtocolHandler ["http-nio-8080"]
02-Apr-2025 12:52:18.695 INFO [main] org.apache.catalina.startup.Catalina.start Server startup in [331] milliseconds
